[1.546s] Invoking command in '/home/pawelmanka/git_projects/ros2_ws/src/recognizer': PYTHONPATH=/home/pawelmanka/git_projects/ros2_ws/src/recognizer/build/recognizer/prefix_override:/home/pawelmanka/git_projects/ros2_ws/src/recognizer/install/recognizer/lib/python3.10/site-packages:${PYTHONPATH} /usr/bin/python3 setup.py egg_info --egg-base build/recognizer build --build-base /home/pawelmanka/git_projects/ros2_ws/src/recognizer/build/recognizer/build install --record /home/pawelmanka/git_projects/ros2_ws/src/recognizer/build/recognizer/install.log --single-version-externally-managed
[1.986s] running egg_info
[1.986s] writing build/recognizer/recognizer.egg-info/PKG-INFO
[1.986s] writing dependency_links to build/recognizer/recognizer.egg-info/dependency_links.txt
[1.986s] writing entry points to build/recognizer/recognizer.egg-info/entry_points.txt
[1.987s] writing requirements to build/recognizer/recognizer.egg-info/requires.txt
[1.987s] writing top-level names to build/recognizer/recognizer.egg-info/top_level.txt
[1.991s] reading manifest file 'build/recognizer/recognizer.egg-info/SOURCES.txt'
[1.992s] writing manifest file 'build/recognizer/recognizer.egg-info/SOURCES.txt'
[1.992s] running build
[1.992s] running build_py
[1.993s] copying recognizer/nodes/RobotStatePublisher.py -> /home/pawelmanka/git_projects/ros2_ws/src/recognizer/build/recognizer/build/lib/recognizer/nodes
[1.994s] running install
[1.994s] running install_lib
[1.995s] copying /home/pawelmanka/git_projects/ros2_ws/src/recognizer/build/recognizer/build/lib/recognizer/nodes/RobotStatePublisher.py -> /home/pawelmanka/git_projects/ros2_ws/src/recognizer/install/recognizer/lib/python3.10/site-packages/recognizer/nodes
[1.997s] byte-compiling /home/pawelmanka/git_projects/ros2_ws/src/recognizer/install/recognizer/lib/python3.10/site-packages/recognizer/nodes/RobotStatePublisher.py to RobotStatePublisher.cpython-310.pyc
[1.998s] running install_data
[1.999s] running install_egg_info
[2.001s] removing '/home/pawelmanka/git_projects/ros2_ws/src/recognizer/install/recognizer/lib/python3.10/site-packages/recognizer-0.0.0-py3.10.egg-info' (and everything under it)
[2.001s] Copying build/recognizer/recognizer.egg-info to /home/pawelmanka/git_projects/ros2_ws/src/recognizer/install/recognizer/lib/python3.10/site-packages/recognizer-0.0.0-py3.10.egg-info
[2.002s] running install_scripts
[2.030s] Installing recognizer_robot_model script to /home/pawelmanka/git_projects/ros2_ws/src/recognizer/install/recognizer/lib/recognizer
[2.031s] writing list of installed files to '/home/pawelmanka/git_projects/ros2_ws/src/recognizer/build/recognizer/install.log'
[2.054s] Invoked command in '/home/pawelmanka/git_projects/ros2_ws/src/recognizer' returned '0': PYTHONPATH=/home/pawelmanka/git_projects/ros2_ws/src/recognizer/build/recognizer/prefix_override:/home/pawelmanka/git_projects/ros2_ws/src/recognizer/install/recognizer/lib/python3.10/site-packages:${PYTHONPATH} /usr/bin/python3 setup.py egg_info --egg-base build/recognizer build --build-base /home/pawelmanka/git_projects/ros2_ws/src/recognizer/build/recognizer/build install --record /home/pawelmanka/git_projects/ros2_ws/src/recognizer/build/recognizer/install.log --single-version-externally-managed
