[2.137s] DEBUG:colcon:Command line arguments: ['/usr/bin/colcon', 'build', '--packages-select', 'recognizer']
[2.137s] DEBUG:colcon:Parsed command line arguments: Namespace(log_base=None, log_level=None, verb_name='build', build_base='build', install_base='install', merge_install=False, symlink_install=False, test_result_base=None, continue_on_error=False, executor='parallel', parallel_workers=12, event_handlers=None, ignore_user_meta=False, metas=['./colcon.meta'], base_paths=['.'], packages_ignore=None, packages_ignore_regex=None, paths=None, packages_up_to=None, packages_up_to_regex=None, packages_above=None, packages_above_and_dependencies=None, packages_above_depth=None, packages_select_by_dep=None, packages_skip_by_dep=None, packages_skip_up_to=None, packages_select_build_failed=False, packages_skip_build_finished=False, packages_select_test_failures=False, packages_skip_test_passed=False, packages_select=['recognizer'], packages_skip=None, packages_select_regex=None, packages_skip_regex=None, packages_start=None, packages_end=None, allow_overriding=[], cmake_args=None, cmake_target=None, cmake_target_skip_unavailable=False, cmake_clean_cache=False, cmake_clean_first=False, cmake_force_configure=False, ament_cmake_args=None, catkin_cmake_args=None, catkin_skip_building_tests=False, verb_parser=<colcon_defaults.argument_parser.defaults.DefaultArgumentsDecorator object at 0x7f07025a3340>, verb_extension=<colcon_core.verb.build.BuildVerb object at 0x7f07025a1780>, main=<bound method BuildVerb.main of <colcon_core.verb.build.BuildVerb object at 0x7f07025a1780>>)
[2.236s] Level 1:colcon.colcon_core.package_discovery:discover_packages(colcon_meta) check parameters
[2.236s] Level 1:colcon.colcon_core.package_discovery:discover_packages(recursive) check parameters
[2.236s] Level 1:colcon.colcon_core.package_discovery:discover_packages(ignore) check parameters
[2.236s] Level 1:colcon.colcon_core.package_discovery:discover_packages(path) check parameters
[2.236s] Level 1:colcon.colcon_core.package_discovery:discover_packages(colcon_meta) discover
[2.236s] Level 1:colcon.colcon_core.package_discovery:discover_packages(recursive) discover
[2.236s] INFO:colcon.colcon_core.package_discovery:Crawling recursively for packages in '/home/pawelmanka/git_projects/ros2_ws/src/recognizer'
[2.236s] Level 1:colcon.colcon_core.package_identification:_identify(.) by extensions ['ignore', 'ignore_ament_install']
[2.236s] Level 1:colcon.colcon_core.package_identification:_identify(.) by extension 'ignore'
[2.236s] Level 1:colcon.colcon_core.package_identification:_identify(.) by extension 'ignore_ament_install'
[2.236s] Level 1:colcon.colcon_core.package_identification:_identify(.) by extensions ['colcon_pkg']
[2.236s] Level 1:colcon.colcon_core.package_identification:_identify(.) by extension 'colcon_pkg'
[2.237s] Level 1:colcon.colcon_core.package_identification:_identify(.) by extensions ['colcon_meta']
[2.237s] Level 1:colcon.colcon_core.package_identification:_identify(.) by extension 'colcon_meta'
[2.237s] Level 1:colcon.colcon_core.package_identification:_identify(.) by extensions ['ros']
[2.237s] Level 1:colcon.colcon_core.package_identification:_identify(.) by extension 'ros'
[2.251s] DEBUG:colcon.colcon_core.package_identification:Package '.' with type 'ros.ament_python' and name 'recognizer'
[2.251s] Level 1:colcon.colcon_core.package_discovery:discover_packages(recursive) using defaults
[2.251s] Level 1:colcon.colcon_core.package_discovery:discover_packages(ignore) discover
[2.251s] Level 1:colcon.colcon_core.package_discovery:discover_packages(ignore) using defaults
[2.251s] Level 1:colcon.colcon_core.package_discovery:discover_packages(path) discover
[2.251s] Level 1:colcon.colcon_core.package_discovery:discover_packages(path) using defaults
[2.454s] Level 1:colcon.colcon_core.package_discovery:discover_packages(prefix_path) check parameters
[2.454s] Level 1:colcon.colcon_core.package_discovery:discover_packages(prefix_path) discover
[2.543s] DEBUG:colcon.colcon_installed_package_information.package_discovery:Found 344 installed packages in /home/pawelmanka/ros2_humble/install
[2.604s] DEBUG:colcon.colcon_installed_package_information.package_discovery:Found 152 installed packages in /opt/ros/humble
[2.610s] Level 1:colcon.colcon_core.package_discovery:discover_packages(prefix_path) using defaults
[2.741s] Level 5:colcon.colcon_core.verb:set package 'recognizer' build argument 'cmake_args' from command line to 'None'
[2.741s] Level 5:colcon.colcon_core.verb:set package 'recognizer' build argument 'cmake_target' from command line to 'None'
[2.741s] Level 5:colcon.colcon_core.verb:set package 'recognizer' build argument 'cmake_target_skip_unavailable' from command line to 'False'
[2.741s] Level 5:colcon.colcon_core.verb:set package 'recognizer' build argument 'cmake_clean_cache' from command line to 'False'
[2.741s] Level 5:colcon.colcon_core.verb:set package 'recognizer' build argument 'cmake_clean_first' from command line to 'False'
[2.741s] Level 5:colcon.colcon_core.verb:set package 'recognizer' build argument 'cmake_force_configure' from command line to 'False'
[2.741s] Level 5:colcon.colcon_core.verb:set package 'recognizer' build argument 'ament_cmake_args' from command line to 'None'
[2.741s] Level 5:colcon.colcon_core.verb:set package 'recognizer' build argument 'catkin_cmake_args' from command line to 'None'
[2.741s] Level 5:colcon.colcon_core.verb:set package 'recognizer' build argument 'catkin_skip_building_tests' from command line to 'False'
[2.741s] DEBUG:colcon.colcon_core.verb:Building package 'recognizer' with the following arguments: {'ament_cmake_args': None, 'build_base': '/home/pawelmanka/git_projects/ros2_ws/src/recognizer/build/recognizer', 'catkin_cmake_args': None, 'catkin_skip_building_tests': False, 'cmake_args': None, 'cmake_clean_cache': False, 'cmake_clean_first': False, 'cmake_force_configure': False, 'cmake_target': None, 'cmake_target_skip_unavailable': False, 'install_base': '/home/pawelmanka/git_projects/ros2_ws/src/recognizer/install/recognizer', 'merge_install': False, 'path': '/home/pawelmanka/git_projects/ros2_ws/src/recognizer', 'symlink_install': False, 'test_result_base': None}
[2.773s] INFO:colcon.colcon_core.executor:Executing jobs using 'parallel' executor
[2.807s] DEBUG:colcon.colcon_parallel_executor.executor.parallel:run_until_complete
[2.807s] INFO:colcon.colcon_ros.task.ament_python.build:Building ROS package in '/home/pawelmanka/git_projects/ros2_ws/src/recognizer' with build type 'ament_python'
[2.807s] Level 1:colcon.colcon_core.shell:create_environment_hook('recognizer', 'ament_prefix_path')
[2.845s] INFO:colcon.colcon_core.plugin_system:Skipping extension 'colcon_core.shell.bat': Not used on non-Windows systems
[2.845s] INFO:colcon.colcon_core.shell:Creating environment hook '/home/pawelmanka/git_projects/ros2_ws/src/recognizer/install/recognizer/share/recognizer/hook/ament_prefix_path.ps1'
[2.846s] INFO:colcon.colcon_core.shell:Creating environment descriptor '/home/pawelmanka/git_projects/ros2_ws/src/recognizer/install/recognizer/share/recognizer/hook/ament_prefix_path.dsv'
[2.846s] INFO:colcon.colcon_core.shell:Creating environment hook '/home/pawelmanka/git_projects/ros2_ws/src/recognizer/install/recognizer/share/recognizer/hook/ament_prefix_path.sh'
[2.879s] INFO:colcon.colcon_core.shell:Skip shell extension 'powershell' for command environment: Not usable outside of PowerShell
[2.879s] DEBUG:colcon.colcon_core.shell:Skip shell extension 'dsv' for command environment
[3.477s] INFO:colcon.colcon_core.task.python.build:Building Python package in '/home/pawelmanka/git_projects/ros2_ws/src/recognizer'
[3.510s] INFO:colcon.colcon_core.shell:Skip shell extension 'powershell' for command environment: Not usable outside of PowerShell
[3.510s] DEBUG:colcon.colcon_core.shell:Skip shell extension 'dsv' for command environment
[4.469s] DEBUG:colcon.colcon_core.event_handler.log_command:Invoking command in '/home/pawelmanka/git_projects/ros2_ws/src/recognizer': PYTHONPATH=/home/pawelmanka/git_projects/ros2_ws/src/recognizer/build/recognizer/prefix_override:/home/pawelmanka/git_projects/ros2_ws/src/recognizer/install/recognizer/lib/python3.10/site-packages:${PYTHONPATH} /usr/bin/python3 setup.py egg_info --egg-base build/recognizer build --build-base /home/pawelmanka/git_projects/ros2_ws/src/recognizer/build/recognizer/build install --record /home/pawelmanka/git_projects/ros2_ws/src/recognizer/build/recognizer/install.log --single-version-externally-managed
[5.111s] DEBUG:colcon.colcon_core.event_handler.log_command:Invoked command in '/home/pawelmanka/git_projects/ros2_ws/src/recognizer' returned '0': PYTHONPATH=/home/pawelmanka/git_projects/ros2_ws/src/recognizer/build/recognizer/prefix_override:/home/pawelmanka/git_projects/ros2_ws/src/recognizer/install/recognizer/lib/python3.10/site-packages:${PYTHONPATH} /usr/bin/python3 setup.py egg_info --egg-base build/recognizer build --build-base /home/pawelmanka/git_projects/ros2_ws/src/recognizer/build/recognizer/build install --record /home/pawelmanka/git_projects/ros2_ws/src/recognizer/build/recognizer/install.log --single-version-externally-managed
[5.156s] Level 1:colcon.colcon_core.environment:checking '/home/pawelmanka/git_projects/ros2_ws/src/recognizer/install/recognizer' for CMake module files
[5.156s] Level 1:colcon.colcon_core.environment:checking '/home/pawelmanka/git_projects/ros2_ws/src/recognizer/install/recognizer' for CMake config files
[5.157s] Level 1:colcon.colcon_core.environment:checking '/home/pawelmanka/git_projects/ros2_ws/src/recognizer/install/recognizer/lib'
[5.157s] Level 1:colcon.colcon_core.environment:checking '/home/pawelmanka/git_projects/ros2_ws/src/recognizer/install/recognizer/bin'
[5.157s] Level 1:colcon.colcon_core.environment:checking '/home/pawelmanka/git_projects/ros2_ws/src/recognizer/install/recognizer/lib/pkgconfig/recognizer.pc'
[5.158s] Level 1:colcon.colcon_core.environment:checking '/home/pawelmanka/git_projects/ros2_ws/src/recognizer/install/recognizer/lib/python3.10/site-packages'
[5.158s] Level 1:colcon.colcon_core.shell:create_environment_hook('recognizer', 'pythonpath')
[5.208s] INFO:colcon.colcon_core.shell:Creating environment hook '/home/pawelmanka/git_projects/ros2_ws/src/recognizer/install/recognizer/share/recognizer/hook/pythonpath.ps1'
[5.208s] INFO:colcon.colcon_core.shell:Creating environment descriptor '/home/pawelmanka/git_projects/ros2_ws/src/recognizer/install/recognizer/share/recognizer/hook/pythonpath.dsv'
[5.208s] INFO:colcon.colcon_core.shell:Creating environment hook '/home/pawelmanka/git_projects/ros2_ws/src/recognizer/install/recognizer/share/recognizer/hook/pythonpath.sh'
[5.209s] Level 1:colcon.colcon_core.environment:checking '/home/pawelmanka/git_projects/ros2_ws/src/recognizer/install/recognizer/bin'
[5.209s] Level 1:colcon.colcon_core.environment:create_environment_scripts_only(recognizer)
[5.242s] INFO:colcon.colcon_core.shell:Creating package script '/home/pawelmanka/git_projects/ros2_ws/src/recognizer/install/recognizer/share/recognizer/package.ps1'
[5.243s] INFO:colcon.colcon_core.shell:Creating package descriptor '/home/pawelmanka/git_projects/ros2_ws/src/recognizer/install/recognizer/share/recognizer/package.dsv'
[5.244s] INFO:colcon.colcon_core.shell:Creating package script '/home/pawelmanka/git_projects/ros2_ws/src/recognizer/install/recognizer/share/recognizer/package.sh'
[5.245s] INFO:colcon.colcon_core.shell:Creating package script '/home/pawelmanka/git_projects/ros2_ws/src/recognizer/install/recognizer/share/recognizer/package.bash'
[5.246s] INFO:colcon.colcon_core.shell:Creating package script '/home/pawelmanka/git_projects/ros2_ws/src/recognizer/install/recognizer/share/recognizer/package.zsh'
[5.247s] Level 1:colcon.colcon_core.environment:create_file_with_runtime_dependencies(/home/pawelmanka/git_projects/ros2_ws/src/recognizer/install/recognizer/share/colcon-core/packages/recognizer)
[5.248s] DEBUG:colcon.colcon_parallel_executor.executor.parallel:closing loop
[5.248s] DEBUG:colcon.colcon_parallel_executor.executor.parallel:loop closed
[5.248s] DEBUG:colcon.colcon_parallel_executor.executor.parallel:run_until_complete finished with '0'
[5.248s] DEBUG:colcon.colcon_core.event_reactor:joining thread
[5.291s] INFO:colcon.colcon_core.plugin_system:Skipping extension 'colcon_notification.desktop_notification.terminal_notifier': Not used on non-Darwin systems
[5.291s] INFO:colcon.colcon_core.plugin_system:Skipping extension 'colcon_notification.desktop_notification.win32': Not used on non-Windows systems
[5.291s] INFO:colcon.colcon_notification.desktop_notification:Sending desktop notification using 'notify2'
[5.304s] DEBUG:colcon.colcon_core.event_reactor:joined thread
[5.341s] INFO:colcon.colcon_core.shell:Creating prefix script '/home/pawelmanka/git_projects/ros2_ws/src/recognizer/install/local_setup.ps1'
[5.342s] INFO:colcon.colcon_core.shell:Creating prefix util module '/home/pawelmanka/git_projects/ros2_ws/src/recognizer/install/_local_setup_util_ps1.py'
[5.343s] INFO:colcon.colcon_core.shell:Creating prefix chain script '/home/pawelmanka/git_projects/ros2_ws/src/recognizer/install/setup.ps1'
[5.393s] INFO:colcon.colcon_core.shell:Creating prefix script '/home/pawelmanka/git_projects/ros2_ws/src/recognizer/install/local_setup.sh'
[5.394s] INFO:colcon.colcon_core.shell:Creating prefix util module '/home/pawelmanka/git_projects/ros2_ws/src/recognizer/install/_local_setup_util_sh.py'
[5.394s] INFO:colcon.colcon_core.shell:Creating prefix chain script '/home/pawelmanka/git_projects/ros2_ws/src/recognizer/install/setup.sh'
[5.443s] INFO:colcon.colcon_core.shell:Creating prefix script '/home/pawelmanka/git_projects/ros2_ws/src/recognizer/install/local_setup.bash'
[5.444s] INFO:colcon.colcon_core.shell:Creating prefix chain script '/home/pawelmanka/git_projects/ros2_ws/src/recognizer/install/setup.bash'
[5.493s] INFO:colcon.colcon_core.shell:Creating prefix script '/home/pawelmanka/git_projects/ros2_ws/src/recognizer/install/local_setup.zsh'
[5.494s] INFO:colcon.colcon_core.shell:Creating prefix chain script '/home/pawelmanka/git_projects/ros2_ws/src/recognizer/install/setup.zsh'
