running egg_info
creating build/recognizer/recognizer.egg-info
writing build/recognizer/recognizer.egg-info/PKG-INFO
writing dependency_links to build/recognizer/recognizer.egg-info/dependency_links.txt
writing entry points to build/recognizer/recognizer.egg-info/entry_points.txt
writing requirements to build/recognizer/recognizer.egg-info/requires.txt
writing top-level names to build/recognizer/recognizer.egg-info/top_level.txt
writing manifest file 'build/recognizer/recognizer.egg-info/SOURCES.txt'
reading manifest file 'build/recognizer/recognizer.egg-info/SOURCES.txt'
writing manifest file 'build/recognizer/recognizer.egg-info/SOURCES.txt'
running build
running build_py
creating /home/pawelmanka/git_projects/ros2_ws/src/recognizer/build/recognizer/build
creating /home/pawelmanka/git_projects/ros2_ws/src/recognizer/build/recognizer/build/lib
creating /home/pawelmanka/git_projects/ros2_ws/src/recognizer/build/recognizer/build/lib/recognizer
copying recognizer/__init__.py -> /home/pawelmanka/git_projects/ros2_ws/src/recognizer/build/recognizer/build/lib/recognizer
copying recognizer/recognizer_robot_model.py -> /home/pawelmanka/git_projects/ros2_ws/src/recognizer/build/recognizer/build/lib/recognizer
copying recognizer/recognizer_gui.py -> /home/pawelmanka/git_projects/ros2_ws/src/recognizer/build/recognizer/build/lib/recognizer
creating /home/pawelmanka/git_projects/ros2_ws/src/recognizer/build/recognizer/build/lib/recognizer/drivers
copying recognizer/drivers/MotorsDriver.py -> /home/pawelmanka/git_projects/ros2_ws/src/recognizer/build/recognizer/build/lib/recognizer/drivers
copying recognizer/drivers/ISerialRecvSubscriber.py -> /home/pawelmanka/git_projects/ros2_ws/src/recognizer/build/recognizer/build/lib/recognizer/drivers
copying recognizer/drivers/__init__.py -> /home/pawelmanka/git_projects/ros2_ws/src/recognizer/build/recognizer/build/lib/recognizer/drivers
copying recognizer/drivers/ISerialRecvPublisher.py -> /home/pawelmanka/git_projects/ros2_ws/src/recognizer/build/recognizer/build/lib/recognizer/drivers
copying recognizer/drivers/ICommunicationDrv.py -> /home/pawelmanka/git_projects/ros2_ws/src/recognizer/build/recognizer/build/lib/recognizer/drivers
copying recognizer/drivers/SerialDrv.py -> /home/pawelmanka/git_projects/ros2_ws/src/recognizer/build/recognizer/build/lib/recognizer/drivers
creating /home/pawelmanka/git_projects/ros2_ws/src/recognizer/build/recognizer/build/lib/recognizer/manager
copying recognizer/manager/__init__.py -> /home/pawelmanka/git_projects/ros2_ws/src/recognizer/build/recognizer/build/lib/recognizer/manager
copying recognizer/manager/MotorsControllerManager.py -> /home/pawelmanka/git_projects/ros2_ws/src/recognizer/build/recognizer/build/lib/recognizer/manager
creating /home/pawelmanka/git_projects/ros2_ws/src/recognizer/build/recognizer/build/lib/recognizer/nodes
copying recognizer/nodes/__init__.py -> /home/pawelmanka/git_projects/ros2_ws/src/recognizer/build/recognizer/build/lib/recognizer/nodes
copying recognizer/nodes/RobotStatePublisher.py -> /home/pawelmanka/git_projects/ros2_ws/src/recognizer/build/recognizer/build/lib/recognizer/nodes
creating /home/pawelmanka/git_projects/ros2_ws/src/recognizer/build/recognizer/build/lib/recognizer/enums
copying recognizer/enums/EMotorID.py -> /home/pawelmanka/git_projects/ros2_ws/src/recognizer/build/recognizer/build/lib/recognizer/enums
copying recognizer/enums/__init__.py -> /home/pawelmanka/git_projects/ros2_ws/src/recognizer/build/recognizer/build/lib/recognizer/enums
copying recognizer/enums/EOmniDirModeId.py -> /home/pawelmanka/git_projects/ros2_ws/src/recognizer/build/recognizer/build/lib/recognizer/enums
copying recognizer/enums/EMsgId.py -> /home/pawelmanka/git_projects/ros2_ws/src/recognizer/build/recognizer/build/lib/recognizer/enums
copying recognizer/enums/ECmdCode.py -> /home/pawelmanka/git_projects/ros2_ws/src/recognizer/build/recognizer/build/lib/recognizer/enums
creating /home/pawelmanka/git_projects/ros2_ws/src/recognizer/build/recognizer/build/lib/recognizer/messages
copying recognizer/messages/MsgState.py -> /home/pawelmanka/git_projects/ros2_ws/src/recognizer/build/recognizer/build/lib/recognizer/messages
copying recognizer/messages/__init__.py -> /home/pawelmanka/git_projects/ros2_ws/src/recognizer/build/recognizer/build/lib/recognizer/messages
copying recognizer/messages/MsgCmd.py -> /home/pawelmanka/git_projects/ros2_ws/src/recognizer/build/recognizer/build/lib/recognizer/messages
running install
running install_lib
creating /home/pawelmanka/git_projects/ros2_ws/src/recognizer/install/recognizer/lib/python3.10/site-packages/recognizer
creating /home/pawelmanka/git_projects/ros2_ws/src/recognizer/install/recognizer/lib/python3.10/site-packages/recognizer/drivers
copying /home/pawelmanka/git_projects/ros2_ws/src/recognizer/build/recognizer/build/lib/recognizer/drivers/MotorsDriver.py -> /home/pawelmanka/git_projects/ros2_ws/src/recognizer/install/recognizer/lib/python3.10/site-packages/recognizer/drivers
copying /home/pawelmanka/git_projects/ros2_ws/src/recognizer/build/recognizer/build/lib/recognizer/drivers/ISerialRecvSubscriber.py -> /home/pawelmanka/git_projects/ros2_ws/src/recognizer/install/recognizer/lib/python3.10/site-packages/recognizer/drivers
copying /home/pawelmanka/git_projects/ros2_ws/src/recognizer/build/recognizer/build/lib/recognizer/drivers/__init__.py -> /home/pawelmanka/git_projects/ros2_ws/src/recognizer/install/recognizer/lib/python3.10/site-packages/recognizer/drivers
copying /home/pawelmanka/git_projects/ros2_ws/src/recognizer/build/recognizer/build/lib/recognizer/drivers/ISerialRecvPublisher.py -> /home/pawelmanka/git_projects/ros2_ws/src/recognizer/install/recognizer/lib/python3.10/site-packages/recognizer/drivers
copying /home/pawelmanka/git_projects/ros2_ws/src/recognizer/build/recognizer/build/lib/recognizer/drivers/ICommunicationDrv.py -> /home/pawelmanka/git_projects/ros2_ws/src/recognizer/install/recognizer/lib/python3.10/site-packages/recognizer/drivers
copying /home/pawelmanka/git_projects/ros2_ws/src/recognizer/build/recognizer/build/lib/recognizer/drivers/SerialDrv.py -> /home/pawelmanka/git_projects/ros2_ws/src/recognizer/install/recognizer/lib/python3.10/site-packages/recognizer/drivers
copying /home/pawelmanka/git_projects/ros2_ws/src/recognizer/build/recognizer/build/lib/recognizer/__init__.py -> /home/pawelmanka/git_projects/ros2_ws/src/recognizer/install/recognizer/lib/python3.10/site-packages/recognizer
creating /home/pawelmanka/git_projects/ros2_ws/src/recognizer/install/recognizer/lib/python3.10/site-packages/recognizer/manager
copying /home/pawelmanka/git_projects/ros2_ws/src/recognizer/build/recognizer/build/lib/recognizer/manager/__init__.py -> /home/pawelmanka/git_projects/ros2_ws/src/recognizer/install/recognizer/lib/python3.10/site-packages/recognizer/manager
copying /home/pawelmanka/git_projects/ros2_ws/src/recognizer/build/recognizer/build/lib/recognizer/manager/MotorsControllerManager.py -> /home/pawelmanka/git_projects/ros2_ws/src/recognizer/install/recognizer/lib/python3.10/site-packages/recognizer/manager
creating /home/pawelmanka/git_projects/ros2_ws/src/recognizer/install/recognizer/lib/python3.10/site-packages/recognizer/nodes
copying /home/pawelmanka/git_projects/ros2_ws/src/recognizer/build/recognizer/build/lib/recognizer/nodes/__init__.py -> /home/pawelmanka/git_projects/ros2_ws/src/recognizer/install/recognizer/lib/python3.10/site-packages/recognizer/nodes
copying /home/pawelmanka/git_projects/ros2_ws/src/recognizer/build/recognizer/build/lib/recognizer/nodes/RobotStatePublisher.py -> /home/pawelmanka/git_projects/ros2_ws/src/recognizer/install/recognizer/lib/python3.10/site-packages/recognizer/nodes
copying /home/pawelmanka/git_projects/ros2_ws/src/recognizer/build/recognizer/build/lib/recognizer/recognizer_robot_model.py -> /home/pawelmanka/git_projects/ros2_ws/src/recognizer/install/recognizer/lib/python3.10/site-packages/recognizer
creating /home/pawelmanka/git_projects/ros2_ws/src/recognizer/install/recognizer/lib/python3.10/site-packages/recognizer/enums
copying /home/pawelmanka/git_projects/ros2_ws/src/recognizer/build/recognizer/build/lib/recognizer/enums/EMotorID.py -> /home/pawelmanka/git_projects/ros2_ws/src/recognizer/install/recognizer/lib/python3.10/site-packages/recognizer/enums
copying /home/pawelmanka/git_projects/ros2_ws/src/recognizer/build/recognizer/build/lib/recognizer/enums/__init__.py -> /home/pawelmanka/git_projects/ros2_ws/src/recognizer/install/recognizer/lib/python3.10/site-packages/recognizer/enums
copying /home/pawelmanka/git_projects/ros2_ws/src/recognizer/build/recognizer/build/lib/recognizer/enums/EOmniDirModeId.py -> /home/pawelmanka/git_projects/ros2_ws/src/recognizer/install/recognizer/lib/python3.10/site-packages/recognizer/enums
copying /home/pawelmanka/git_projects/ros2_ws/src/recognizer/build/recognizer/build/lib/recognizer/enums/EMsgId.py -> /home/pawelmanka/git_projects/ros2_ws/src/recognizer/install/recognizer/lib/python3.10/site-packages/recognizer/enums
copying /home/pawelmanka/git_projects/ros2_ws/src/recognizer/build/recognizer/build/lib/recognizer/enums/ECmdCode.py -> /home/pawelmanka/git_projects/ros2_ws/src/recognizer/install/recognizer/lib/python3.10/site-packages/recognizer/enums
copying /home/pawelmanka/git_projects/ros2_ws/src/recognizer/build/recognizer/build/lib/recognizer/recognizer_gui.py -> /home/pawelmanka/git_projects/ros2_ws/src/recognizer/install/recognizer/lib/python3.10/site-packages/recognizer
creating /home/pawelmanka/git_projects/ros2_ws/src/recognizer/install/recognizer/lib/python3.10/site-packages/recognizer/messages
copying /home/pawelmanka/git_projects/ros2_ws/src/recognizer/build/recognizer/build/lib/recognizer/messages/MsgState.py -> /home/pawelmanka/git_projects/ros2_ws/src/recognizer/install/recognizer/lib/python3.10/site-packages/recognizer/messages
copying /home/pawelmanka/git_projects/ros2_ws/src/recognizer/build/recognizer/build/lib/recognizer/messages/__init__.py -> /home/pawelmanka/git_projects/ros2_ws/src/recognizer/install/recognizer/lib/python3.10/site-packages/recognizer/messages
copying /home/pawelmanka/git_projects/ros2_ws/src/recognizer/build/recognizer/build/lib/recognizer/messages/MsgCmd.py -> /home/pawelmanka/git_projects/ros2_ws/src/recognizer/install/recognizer/lib/python3.10/site-packages/recognizer/messages
byte-compiling /home/pawelmanka/git_projects/ros2_ws/src/recognizer/install/recognizer/lib/python3.10/site-packages/recognizer/drivers/MotorsDriver.py to MotorsDriver.cpython-310.pyc
byte-compiling /home/pawelmanka/git_projects/ros2_ws/src/recognizer/install/recognizer/lib/python3.10/site-packages/recognizer/drivers/ISerialRecvSubscriber.py to ISerialRecvSubscriber.cpython-310.pyc
byte-compiling /home/pawelmanka/git_projects/ros2_ws/src/recognizer/install/recognizer/lib/python3.10/site-packages/recognizer/drivers/__init__.py to __init__.cpython-310.pyc
byte-compiling /home/pawelmanka/git_projects/ros2_ws/src/recognizer/install/recognizer/lib/python3.10/site-packages/recognizer/drivers/ISerialRecvPublisher.py to ISerialRecvPublisher.cpython-310.pyc
byte-compiling /home/pawelmanka/git_projects/ros2_ws/src/recognizer/install/recognizer/lib/python3.10/site-packages/recognizer/drivers/ICommunicationDrv.py to ICommunicationDrv.cpython-310.pyc
byte-compiling /home/pawelmanka/git_projects/ros2_ws/src/recognizer/install/recognizer/lib/python3.10/site-packages/recognizer/drivers/SerialDrv.py to SerialDrv.cpython-310.pyc
byte-compiling /home/pawelmanka/git_projects/ros2_ws/src/recognizer/install/recognizer/lib/python3.10/site-packages/recognizer/__init__.py to __init__.cpython-310.pyc
byte-compiling /home/pawelmanka/git_projects/ros2_ws/src/recognizer/install/recognizer/lib/python3.10/site-packages/recognizer/manager/__init__.py to __init__.cpython-310.pyc
byte-compiling /home/pawelmanka/git_projects/ros2_ws/src/recognizer/install/recognizer/lib/python3.10/site-packages/recognizer/manager/MotorsControllerManager.py to MotorsControllerManager.cpython-310.pyc
byte-compiling /home/pawelmanka/git_projects/ros2_ws/src/recognizer/install/recognizer/lib/python3.10/site-packages/recognizer/nodes/__init__.py to __init__.cpython-310.pyc
byte-compiling /home/pawelmanka/git_projects/ros2_ws/src/recognizer/install/recognizer/lib/python3.10/site-packages/recognizer/nodes/RobotStatePublisher.py to RobotStatePublisher.cpython-310.pyc
byte-compiling /home/pawelmanka/git_projects/ros2_ws/src/recognizer/install/recognizer/lib/python3.10/site-packages/recognizer/recognizer_robot_model.py to recognizer_robot_model.cpython-310.pyc
byte-compiling /home/pawelmanka/git_projects/ros2_ws/src/recognizer/install/recognizer/lib/python3.10/site-packages/recognizer/enums/EMotorID.py to EMotorID.cpython-310.pyc
byte-compiling /home/pawelmanka/git_projects/ros2_ws/src/recognizer/install/recognizer/lib/python3.10/site-packages/recognizer/enums/__init__.py to __init__.cpython-310.pyc
byte-compiling /home/pawelmanka/git_projects/ros2_ws/src/recognizer/install/recognizer/lib/python3.10/site-packages/recognizer/enums/EOmniDirModeId.py to EOmniDirModeId.cpython-310.pyc
byte-compiling /home/pawelmanka/git_projects/ros2_ws/src/recognizer/install/recognizer/lib/python3.10/site-packages/recognizer/enums/EMsgId.py to EMsgId.cpython-310.pyc
byte-compiling /home/pawelmanka/git_projects/ros2_ws/src/recognizer/install/recognizer/lib/python3.10/site-packages/recognizer/enums/ECmdCode.py to ECmdCode.cpython-310.pyc
byte-compiling /home/pawelmanka/git_projects/ros2_ws/src/recognizer/install/recognizer/lib/python3.10/site-packages/recognizer/recognizer_gui.py to recognizer_gui.cpython-310.pyc
byte-compiling /home/pawelmanka/git_projects/ros2_ws/src/recognizer/install/recognizer/lib/python3.10/site-packages/recognizer/messages/MsgState.py to MsgState.cpython-310.pyc
byte-compiling /home/pawelmanka/git_projects/ros2_ws/src/recognizer/install/recognizer/lib/python3.10/site-packages/recognizer/messages/__init__.py to __init__.cpython-310.pyc
byte-compiling /home/pawelmanka/git_projects/ros2_ws/src/recognizer/install/recognizer/lib/python3.10/site-packages/recognizer/messages/MsgCmd.py to MsgCmd.cpython-310.pyc
running install_data
creating /home/pawelmanka/git_projects/ros2_ws/src/recognizer/install/recognizer/share/ament_index
creating /home/pawelmanka/git_projects/ros2_ws/src/recognizer/install/recognizer/share/ament_index/resource_index
creating /home/pawelmanka/git_projects/ros2_ws/src/recognizer/install/recognizer/share/ament_index/resource_index/packages
copying resource/recognizer -> /home/pawelmanka/git_projects/ros2_ws/src/recognizer/install/recognizer/share/ament_index/resource_index/packages
copying package.xml -> /home/pawelmanka/git_projects/ros2_ws/src/recognizer/install/recognizer/share/recognizer
copying launch/recognizer_model.launch.py -> /home/pawelmanka/git_projects/ros2_ws/src/recognizer/install/recognizer/share/recognizer
creating /home/pawelmanka/git_projects/ros2_ws/src/recognizer/install/recognizer/share/recognizer/description
copying description/inertial_macros.xacro -> /home/pawelmanka/git_projects/ros2_ws/src/recognizer/install/recognizer/share/recognizer/description
copying description/robot_core.xacro -> /home/pawelmanka/git_projects/ros2_ws/src/recognizer/install/recognizer/share/recognizer/description
copying description/materials.xacro -> /home/pawelmanka/git_projects/ros2_ws/src/recognizer/install/recognizer/share/recognizer/description
running install_egg_info
Copying build/recognizer/recognizer.egg-info to /home/pawelmanka/git_projects/ros2_ws/src/recognizer/install/recognizer/lib/python3.10/site-packages/recognizer-0.0.0-py3.10.egg-info
running install_scripts
Installing recognizer_robot_model script to /home/pawelmanka/git_projects/ros2_ws/src/recognizer/install/recognizer/lib/recognizer
writing list of installed files to '/home/pawelmanka/git_projects/ros2_ws/src/recognizer/build/recognizer/install.log'
